<?xml version="1.0" encoding="UTF-8"?>
<!-- Generated by org.testng.reporters.JUnitReportReporter -->
<testsuite skipped="0" hostname="AQM-DION-" name="net.project.BDDD.AppTest" tests="1" failures="0" timestamp="14 May 2019 09:22:54 GMT" time="0.021" errors="0">
  <testcase name="testApp" time="0.021" classname="net.project.BDDD.AppTest"/>
</testsuite> <!-- net.project.BDDD.AppTest -->
