<?xml version="1.0" encoding="UTF-8"?>
<!-- Generated by org.testng.reporters.JUnitReportReporter -->
<testsuite skipped="0" hostname="AQM-DION-" name="TestLuncher.Launcher" tests="1" failures="0" timestamp="31 May 2019 10:41:18 GMT" time="26.835" errors="0">
  <testcase name="demo" time="26.835" classname="TestLuncher.Launcher"/>
</testsuite> <!-- TestLuncher.Launcher -->
